<?xml version="1.0" encoding="UTF-8"?>
<testsuite name="seedu.duke.FindCommandTest" tests="4" skipped="0" failures="0" errors="0" timestamp="2021-10-18T02:30:20" hostname="DESKTOP-6SM8N46" time="0.002">
  <properties/>
  <testcase name="inputRegex_incompleteCommand_lotsExceptionThrown()" classname="seedu.duke.FindCommandTest" time="0.0"/>
  <testcase name="inputRegex_wrongSlashPosition_lotsExceptionThrown()" classname="seedu.duke.FindCommandTest" time="0.001"/>
  <testcase name="inputRegex_emptyCommand_lotsExceptionThrown()" classname="seedu.duke.FindCommandTest" time="0.0"/>
  <testcase name="inputRegex_emptySearch_lotsExceptionThrown()" classname="seedu.duke.FindCommandTest" time="0.001"/>
  <system-out><![CDATA[]]></system-out>
  <system-err><![CDATA[]]></system-err>
</testsuite>
