<?xml version="1.0" encoding="UTF-8"?>
<testsuite name="seedu.duke.PeopleManagerTest" tests="1" skipped="0" failures="0" errors="0" timestamp="2021-10-16T04:36:46" hostname="DESKTOP-6SM8N46" time="0.012">
  <properties/>
  <testcase name="test()" classname="seedu.duke.PeopleManagerTest" time="0.012"/>
  <system-out><![CDATA[-1
]]></system-out>
  <system-err><![CDATA[]]></system-err>
</testsuite>
