<?xml version="1.0" encoding="UTF-8"?>
<testsuite name="seedu.duke.ParserTest" tests="2" skipped="0" failures="0" errors="0" timestamp="2021-10-18T02:30:20" hostname="DESKTOP-6SM8N46" time="0.001">
  <properties/>
  <testcase name="getCommand_emptyCommand_nullReturned()" classname="seedu.duke.ParserTest" time="0.0"/>
  <testcase name="getCommand_spaces_nullReturned()" classname="seedu.duke.ParserTest" time="0.001"/>
  <system-out><![CDATA[]]></system-out>
  <system-err><![CDATA[]]></system-err>
</testsuite>
